** Drc report for seven_segment_counter.kicad_pcb **
** Created on 2026-07-05T12:47:21 **
** Report includes: Errors, Warnings **

** Found 25 DRC violations **
[invalid_outline]: Board has malformed outline (no edges found on Edge.Cuts layer)
    Local override; error
    @(0.0000 mm, 0.0000 mm): PCB
[clearance]: Clearance violation ( clearance 0.2000 mm; actual 0.1800 mm)
    Local override; error
    @(146.0000 mm, 88.0250 mm): Pad 1 [Net-(SW1-A)] of R1 on F.Cu
    @(146.0000 mm, 88.6650 mm): Pad 2 [Net-(U2-DISCH)] of R1 on F.Cu
[clearance]: Clearance violation ( clearance 0.2000 mm; actual 0.1800 mm)
    Local override; error
    @(193.3350 mm, 97.0000 mm): Pad 1 [Earth] of R4 on F.Cu
    @(193.9750 mm, 97.0000 mm): Pad 2 [Net-(R4-Pad2)] of R4 on F.Cu
[clearance]: Clearance violation ( clearance 0.2000 mm; actual 0.1800 mm)
    Local override; error
    @(162.5000 mm, 77.8200 mm): Pad 1 [Net-(U1-CLOCK)] of R2 on F.Cu
    @(162.5000 mm, 77.1800 mm): Pad 2 [Earth] of R2 on F.Cu
[clearance]: Clearance violation ( clearance 0.2000 mm; actual 0.1800 mm)
    Local override; error
    @(162.9750 mm, 88.0000 mm): Pad 1 [Net-(U1-CARRY_OUT)] of R3 on F.Cu
    @(162.3350 mm, 88.0000 mm): Pad 2 [Earth] of R3 on F.Cu
[silk_overlap]: Silkscreen clearance
    Rule: board setup constraints silk; warning
    @(203.2325 mm, 95.8600 mm): Segment of U3 on F.Silkscreen
    @(193.6550 mm, 95.9500 mm): Reference field of R4
[lib_footprint_issues]: The current configuration does not include the footprint library 'Capacitor_SMD'
    Local override; warning
    @(146.0000 mm, 94.5000 mm): Footprint C1
[lib_footprint_issues]: The current configuration does not include the footprint library 'Package_SO'
    Local override; warning
    @(154.5250 mm, 86.4050 mm): Footprint U2
[lib_footprint_issues]: The current configuration does not include the footprint library 'Resistor_SMD'
    Local override; warning
    @(146.0000 mm, 88.3450 mm): Footprint R1
[lib_footprint_issues]: The current configuration does not include the footprint library 'Display_7Segment'
    Local override; warning
    @(186.0025 mm, 84.4200 mm): Footprint U3
[lib_footprint_issues]: The current configuration does not include the footprint library 'Resistor_SMD'
    Local override; warning
    @(193.6550 mm, 97.0000 mm): Footprint R4
[lib_footprint_issues]: The current configuration does not include the footprint library 'Resistor_SMD'
    Local override; warning
    @(162.5000 mm, 77.5000 mm): Footprint R2
[lib_footprint_issues]: The current configuration does not include the footprint library 'Resistor_SMD'
    Local override; warning
    @(162.6550 mm, 88.0000 mm): Footprint R3
[lib_footprint_issues]: The current configuration does not include the footprint library 'Package_DIP'
    Local override; warning
    @(164.6900 mm, 78.1100 mm): Footprint U1
[lib_footprint_issues]: The current configuration does not include the footprint library 'Diode_THT'
    Local override; warning
    @(178.8400 mm, 71.0000 mm): Footprint D1
[lib_footprint_issues]: The current configuration does not include the footprint library 'Button_Switch_SMD'
    Local override; warning
    @(146.0000 mm, 77.0000 mm): Footprint SW1
[hole_to_hole]: Drilled hole too close to other hole (board setup constraints min 0.2495 mm; actual 0.0000 mm)
    Rule: board setup constraints; warning
    @(164.5000 mm, 83.0000 mm): Via [Earth] on F.Cu - B.Cu
    @(164.6900 mm, 83.1900 mm): PTH pad 3 [Earth] of U1
[hole_to_hole]: Drilled hole too close to other hole (board setup constraints min 0.2495 mm; actual 0.0000 mm)
    Rule: board setup constraints; warning
    @(164.5000 mm, 96.0000 mm): Via [Earth] on F.Cu - B.Cu
    @(164.6900 mm, 95.8900 mm): PTH pad 8 [Earth] of U1
[hole_to_hole]: Drilled hole too close to other hole (board setup constraints min 0.2495 mm; actual 0.0000 mm)
    Rule: board setup constraints; warning
    @(172.3100 mm, 83.1900 mm): PTH pad 14 [Earth] of U1
    @(172.5000 mm, 83.0000 mm): Via [Earth] on F.Cu - B.Cu
[holes_co_located]: Drilled holes co-located
    Local override; warning
    @(164.6900 mm, 80.6500 mm): PTH pad 2 [Earth] of U1
    @(164.6900 mm, 80.6500 mm): Via [Earth] on F.Cu - B.Cu
[holes_co_located]: Drilled holes co-located
    Local override; warning
    @(164.6900 mm, 80.6500 mm): PTH pad 2 [Earth] of U1
    @(164.6900 mm, 80.6500 mm): Via [Earth] on F.Cu - B.Cu
[hole_to_hole]: Drilled hole too close to other hole (board setup constraints min 0.2495 mm; actual 0.0000 mm)
    Rule: board setup constraints; warning
    @(164.5000 mm, 83.0000 mm): Via [Earth] on F.Cu - B.Cu
    @(164.6900 mm, 83.1900 mm): PTH pad 3 [Earth] of U1
[hole_to_hole]: Drilled hole too close to other hole (board setup constraints min 0.2495 mm; actual 0.0000 mm)
    Rule: board setup constraints; warning
    @(164.5000 mm, 96.0000 mm): Via [Earth] on F.Cu - B.Cu
    @(164.6900 mm, 95.8900 mm): PTH pad 8 [Earth] of U1
[hole_to_hole]: Drilled hole too close to other hole (board setup constraints min 0.2495 mm; actual 0.0000 mm)
    Rule: board setup constraints; warning
    @(172.3100 mm, 83.1900 mm): PTH pad 14 [Earth] of U1
    @(172.5000 mm, 83.0000 mm): Via [Earth] on F.Cu - B.Cu
[via_dangling]: Via is not connected or connected on only one layer
    Local override; warning
    @(164.6900 mm, 80.6500 mm): Via [Earth] on F.Cu - B.Cu

** Found 1 unconnected pads **
[unconnected_items]: Missing connection between items
    Local override; error
    @(146.0000 mm, 95.5000 mm): Via [Earth] on F.Cu - B.Cu
    @(142.0000 mm, 67.5000 mm): Rectangle [Earth] on F.Cu

** Found 0 Footprint errors **

** Ignored checks **
    - Footprint has no courtyard defined
    - Track endpoint not centered on via
    - Tuning profile track geometries
    - Footprint doesn't match symbol's footprint filters
    - Footprint component type doesn't match footprint pads

** End of Report **
